# ELBREAD: Elaboration process.
# ELBREAD: Elaboration time 0.2 [s].
# ELBREAD: Elaboration process.
# ELBREAD: Elaboration time 0.0 [s].
# VSIM: Stack memory: 32MB
# VSIM: Retval memory: 32MB
# 
acom -O3 -e 100 -work alu -2002  $dsn/src/arith.vhd
# Warning: DAGGEN_0523: The source is compiled without the -dbg switch. Line breakpoints and assertion debug will not be available.
# File: C:/Users/Tommy/Desktop/ALU Homework/ALU/src/arith.vhd
# Compile Entity "arith"
# Compile Architecture "RTL" of Entity "arith"
# Compile success 0 Errors 0 Warnings  Analysis time :  0.5 [s]
# ELBREAD: Elaboration process.
# ELBREAD: Elaboration time 0.0 [s].
# KERNEL: Main thread initiated.
# KERNEL: Kernel process initialization phase.
# ELAB2: Elaboration final pass...
# ELAB2: Create instances ...
# KERNEL: Time resolution set to 1ps.
# ELAB2: Create instances complete.
# SLP: Started
# SLP: Elaboration phase ...
# SLP: Elaboration phase ... skipped, nothing to simulate in SLP mode : 0.0 [s]
# SLP: Finished : 0.0 [s]
# ELAB2: Elaboration final pass complete - time: 0.4 [s].
# KERNEL: Warning: You are using the Active-HDL Student Edition. The performance of simulation is running at a reduced rate.
# KERNEL: Warning: Contact Aldec for available upgrade options - sales@aldec.com.
# KERNEL: Kernel process initialization done.
# Allocation: Simulator allocated 5462 kB (elbread=427 elab2=4895 kernel=139 sdf=0)
# KERNEL: ASDB file was created in location C:\Users\Tommy\Desktop\ALU Homework\ALU\src\wave.asdb
#  1:21 PM, Tuesday, July 5, 2022
#  Simulation has been initialized
# KERNEL: stopped at time: 1 us
# add wave -noreg {/arith_tb/clk}
# add wave -noreg {/arith_tb/operandA}
# add wave -noreg {/arith_tb/operandB}
# add wave -noreg {/arith_tb/opcode}
# add wave -noreg {/arith_tb/opcode_signed}
# add wave -noreg {/arith_tb/opcode_saturate}
# add wave -noreg {/arith_tb/result}
# add wave -noreg {/arith_tb/carry}
# add wave -noreg {/arith_tb/overflow}
# add wave -noreg {/arith_tb/zero}
# add wave -noreg {/arith_tb/saturated}
# VSIM: 11 object(s) traced.
# Waveform file 'untitled.awc' connected to 'C:/Users/Tommy/Desktop/ALU Homework/ALU/src/wave.asdb'.
run 1000 ns
# KERNEL: stopped at time: 2 us
restart
# ELBREAD: Elaboration process.
# ELBREAD: Elaboration time 0.0 [s].
# 
# KERNEL: Main thread initiated.
# KERNEL: Kernel process initialization phase.
# ELAB2: Elaboration final pass...
# ELAB2: Create instances ...
# KERNEL: Time resolution set to 1ps.
# ELAB2: Create instances complete.
# SLP: Started
# SLP: Elaboration phase ...
# SLP: Elaboration phase ... skipped, nothing to simulate in SLP mode : 0.0 [s]
# SLP: Finished : 0.0 [s]
# ELAB2: Elaboration final pass complete - time: 0.0 [s].
# KERNEL: Warning: You are using the Active-HDL Student Edition. The performance of simulation is running at a reduced rate.
# KERNEL: Warning: Contact Aldec for available upgrade options - sales@aldec.com.
# KERNEL: Kernel process initialization done.
# Allocation: Simulator allocated 5462 kB (elbread=427 elab2=4895 kernel=139 sdf=0)
# KERNEL: ASDB file was created in location C:\Users\Tommy\Desktop\ALU Homework\ALU\src\wave.asdb
#  1:22 PM, Tuesday, July 5, 2022
#  Simulation has been initialized
# Waveform file 'untitled.awc' connected to 'C:/Users/Tommy/Desktop/ALU Homework/ALU/src/wave.asdb'.
run 1000 ns
# KERNEL: stopped at time: 1 us
